1514380162591	geckodriver	INFO	geckodriver 0.19.1
1514380162600	geckodriver	INFO	Listening on 127.0.0.1:49193
1514380164646	mozrunner::runner	INFO	Running command: "C:\\Program Files\\Mozilla Firefox\\firefox.exe" "-marionette" "-profile" "C:\\Users\\a\\AppData\\Local\\Temp\\rust_mozprofile.j15QsapbgpIY"
1514380164891	addons.xpi	WARN	Error parsing extensions state: [Exception... "Component returned failure code: 0x80520012 (NS_ERROR_FILE_NOT_FOUND) [amIAddonManagerStartup.readStartupData]"  nsresult: "0x80520012 (NS_ERROR_FILE_NOT_FOUND)"  location: "JS frame :: resource://gre/modules/addons/XPIProvider.jsm :: loadExtensionState :: line 1554"  data: no] Stack trace: loadExtensionState()@resource://gre/modules/addons/XPIProvider.jsm:1554 < getInstallState()@resource://gre/modules/addons/XPIProvider.jsm:1589 < checkForChanges()@resource://gre/modules/addons/XPIProvider.jsm:3109 < startup()@resource://gre/modules/addons/XPIProvider.jsm:2188 < callProvider()@resource://gre/modules/AddonManager.jsm:269 < _startProvider()@resource://gre/modules/AddonManager.jsm:739 < startup()@resource://gre/modules/AddonManager.jsm:906 < startup()@resource://gre/modules/AddonManager.jsm:3090 < observe()@jar:file:///C:/Program%20Files/Mozilla%20Firefox/omni.ja!/components/addonManager.js:65
1514380165311	Marionette	INFO	Enabled via --marionette
Unable to read VR Path Registry from C:\Users\a\AppData\Local\openvr\openvrpaths.vrpath
[Child 28132] WARNING: pipe error: 109: file z:/build/build/src/ipc/chromium/src/chrome/common/ipc_channel_win.cc, line 346
[Child 28132] WARNING: pipe error: 109: file z:/build/build/src/ipc/chromium/src/chrome/common/ipc_channel_win.cc, line 346
1514380166973	Marionette	INFO	Listening on port 49202
1514380167801	Marionette	WARN	TLS certificate errors will be ignored for this session
1514380167837	Marionette	DEBUG	Register listener.js for window 6442450945
1514380167880	Marionette	DEBUG	Received DOM event "beforeunload" for "about:blank"
1514380169097	Marionette	DEBUG	Received DOM event "pagehide" for "about:blank"
1514380169098	Marionette	DEBUG	Received DOM event "unload" for "about:blank"
1514380169905	Marionette	DEBUG	Received DOM event "DOMContentLoaded" for "https://www.1571v.com/"
1514380196443	addons.productaddons	WARN	Failed downloading via XHR, status: 0, reason: error
1514380198569	Marionette	DEBUG	Received DOM event "pageshow" for "https://www.1571v.com/"
Unable to read VR Path Registry from C:\Users\a\AppData\Local\openvr\openvrpaths.vrpath
[Parent 27824] WARNING: pipe error: 109: file z:/build/build/src/ipc/chromium/src/chrome/common/ipc_channel_win.cc, line 346
[Parent 27824] WARNING: pipe error: 109: file z:/build/build/src/ipc/chromium/src/chrome/common/ipc_channel_win.cc, line 346
Unable to read VR Path Registry from C:\Users\a\AppData\Local\openvr\openvrpaths.vrpath
[Child 28528] WARNING: pipe error: 109: file z:/build/build/src/ipc/chromium/src/chrome/common/ipc_channel_win.cc, line 346

###!!! [Child][MessageChannel::SendAndWait] Error: Channel error: cannot send/recv

e 1554"  data: no] Stack trace: loadExtensionState()@resource://gre/modules/addons/XPIProvider.jsm:1554 < getInstallState()@resource://gre/modules/addons/XPIProvider.jsm:1589 < checkForChanges()@resource://gre/modules/addons/XPIProvider.jsm:3109 < startup()@resource://gre/modules/addons/XPIProvider.jsm:2188 < callProvider()@resource://gre/modules/AddonManager.jsm:269 < _startProvider()@resource://gre/modules/AddonManager.jsm:739 < startup()@resource://gre/modules/AddonManager.jsm:906 < startup()@resource://gre/modules/AddonManager.jsm:3090 < observe()@jar:file:///C:/Program%20Files/Mozilla%20Firefox/omni.ja!/components/addonManager.js:65
1514380247208	Marionette	INFO	Enabled via --marionette
Unable to read VR Path Registry from C:\Users\a\AppData\Local\openvr\openvrpaths.vrpath
[Parent 26916] WARNING: pipe error: 109: file z:/build/build/src/ipc/chromium/src/chrome/common/ipc_channel_win.cc, line 346
Unable to read VR Path Registry from C:\Users\a\AppData\Local\openvr\openvrpaths.vrpath
[Child 22168] WARNING: pipe error: 109: file z:/build/build/src/ipc/chromium/src/chrome/common/ipc_channel_win.cc, line 346
[Child 22168] WARNING: pipe error: 109: file z:/build/build/src/ipc/chromium/src/chrome/common/ipc_channel_win.cc, line 346
1514380248923	Marionette	INFO	Listening on port 49615
1514380249580	Marionette	WARN	TLS certificate errors will be ignored for this session
1514380249614	Marionette	DEBUG	Register listener.js for window 4294967297
1514380249655	Marionette	DEBUG	Received DOM event "beforeunload" for "about:blank"
1514380250888	Marionette	DEBUG	Received DOM event "pagehide" for "about:blank"
1514380250888	Marionette	DEBUG	Received DOM event "unload" for "about:blank"
1514380251734	Marionette	DEBUG	Received DOM event "DOMContentLoaded" for "https://www.1571v.com/"
1514380461493	Marionette	DEBUG	Received DOM event "pageshow" for "https://www.1571v.com/"
Unable to read VR Path Registry from C:\Users\a\AppData\Local\openvr\openvrpaths.vrpath
[Child 28472] WARNING: pipe error: 109: file z:/build/build/src/ipc/chromium/src/chrome/common/ipc_channel_win.cc, line 346
Unable to read VR Path Registry from C:\Users\a\AppData\Local\openvr\openvrpaths.vrpath
[Child 28536] WARNING: pipe error: 109: file z:/build/build/src/ipc/chromium/src/chrome/common/ipc_channel_win.cc, line 346

###!!! [Child][MessageChannel::SendAndWait] Error: Channel error: cannot send/recv

2 (NS_ERROR_FILE_NOT_FOUND)"  location: "JS frame :: resource://gre/modules/addons/XPIProvider.jsm :: loadExtensionState :: line 1554"  data: no] Stack trace: loadExtensionState()@resource://gre/modules/addons/XPIProvider.jsm:1554 < getInstallState()@resource://gre/modules/addons/XPIProvider.jsm:1589 < checkForChanges()@resource://gre/modules/addons/XPIProvider.jsm:3109 < startup()@resource://gre/modules/addons/XPIProvider.jsm:2188 < callProvider()@resource://gre/modules/AddonManager.jsm:269 < _startProvider()@resource://gre/modules/AddonManager.jsm:739 < startup()@resource://gre/modules/AddonManager.jsm:906 < startup()@resource://gre/modules/AddonManager.jsm:3090 < observe()@jar:file:///C:/Program%20Files/Mozilla%20Firefox/omni.ja!/components/addonManager.js:65
1514380821293	Marionette	INFO	Enabled via --marionette
Unable to read VR Path Registry from C:\Users\a\AppData\Local\openvr\openvrpaths.vrpath
[Child 21164] WARNING: pipe error: 109: file z:/build/build/src/ipc/chromium/src/chrome/common/ipc_channel_win.cc, line 346
[Child 21164] WARNING: pipe error: 109: file z:/build/build/src/ipc/chromium/src/chrome/common/ipc_channel_win.cc, line 346
1514380823334	Marionette	INFO	Listening on port 51158
1514380823508	Marionette	WARN	TLS certificate errors will be ignored for this session
1514380823542	Marionette	DEBUG	Register listener.js for window 4294967297
1514380823586	Marionette	DEBUG	Received DOM event "beforeunload" for "about:blank"
1514380824907	Marionette	DEBUG	Received DOM event "pagehide" for "about:blank"
1514380824908	Marionette	DEBUG	Received DOM event "unload" for "about:blank"
1514380825869	Marionette	DEBUG	Received DOM event "DOMContentLoaded" for "https://www.1571v.com/"
1514380848245	Marionette	DEBUG	Received DOM event "pageshow" for "https://www.1571v.com/"
Unable to read VR Path Registry from C:\Users\a\AppData\Local\openvr\openvrpaths.vrpath
[Parent 28248] WARNING: pipe error: 109: file z:/build/build/src/ipc/chromium/src/chrome/common/ipc_channel_win.cc, line 346
[Parent 28248] WARNING: pipe error: 109: file z:/build/build/src/ipc/chromium/src/chrome/common/ipc_channel_win.cc, line 346
Unable to read VR Path Registry from C:\Users\a\AppData\Local\openvr\openvrpaths.vrpath
[Child 28684] WARNING: pipe error: 109: file z:/build/build/src/ipc/chromium/src/chrome/common/ipc_channel_win.cc, line 346
Unable to read VR Path Registry from C:\Users\a\AppData\Local\openvr\openvrpaths.vrpath
[Child 25428] WARNING: pipe error: 109: file z:/build/build/src/ipc/chromium/src/chrome/common/ipc_channel_win.cc, line 346

###!!! [Child][MessageChannel::SendAndWait] Error: Channel error: cannot send/recv

1514466362878	geckodriver	INFO	geckodriver 0.19.1
1514466362888	geckodriver	INFO	Listening on 127.0.0.1:59555
1514466368403	geckodriver	INFO	geckodriver 0.19.1
1514466368410	geckodriver	INFO	Listening on 127.0.0.1:59568
1514466370499	mozrunner::runner	INFO	Running command: "C:\\Program Files\\Mozilla Firefox\\firefox.exe" "-marionette" "-profile" "C:\\Users\\a\\AppData\\Local\\Temp\\rust_mozprofile.44jsHG7jeGyr"
1514466371245	addons.xpi	WARN	Error parsing extensions state: [Exception... "Component returned failure code: 0x80520012 (NS_ERROR_FILE_NOT_FOUND) [amIAddonManagerStartup.readStartupData]"  nsresult: "0x80520012 (NS_ERROR_FILE_NOT_FOUND)"  location: "JS frame :: resource://gre/modules/addons/XPIProvider.jsm :: loadExtensionState :: line 1554"  data: no] Stack trace: loadExtensionState()@resource://gre/modules/addons/XPIProvider.jsm:1554 < getInstallState()@resource://gre/modules/addons/XPIProvider.jsm:1589 < checkForChanges()@resource://gre/modules/addons/XPIProvider.jsm:3109 < startup()@resource://gre/modules/addons/XPIProvider.jsm:2188 < callProvider()@resource://gre/modules/AddonManager.jsm:269 < _startProvider()@resource://gre/modules/AddonManager.jsm:739 < startup()@resource://gre/modules/AddonManager.jsm:906 < startup()@resource://gre/modules/AddonManager.jsm:3090 < observe()@jar:file:///C:/Program%20Files/Mozilla%20Firefox/omni.ja!/components/addonManager.js:65
1514466372167	Marionette	INFO	Enabled via --marionette
Unable to read VR Path Registry from C:\Users\a\AppData\Local\openvr\openvrpaths.vrpath
[Parent 44464] WARNING: pipe error: 109: file z:/build/build/src/ipc/chromium/src/chrome/common/ipc_channel_win.cc, line 346
Unable to read VR Path Registry from C:\Users\a\AppData\Local\openvr\openvrpaths.vrpath
[Child 45912] WARNING: pipe error: 109: file z:/build/build/src/ipc/chromium/src/chrome/common/ipc_channel_win.cc, line 346
[Child 45912] WARNING: pipe error: 109: file z:/build/build/src/ipc/chromium/src/chrome/common/ipc_channel_win.cc, line 346
1514466374298	Marionette	INFO	Listening on port 59577
1514466374767	Marionette	WARN	TLS certificate errors will be ignored for this session
1514466374805	Marionette	DEBUG	Register listener.js for window 4294967297
1514466374858	Marionette	DEBUG	Received DOM event "beforeunload" for "about:blank"
1514466376922	Marionette	DEBUG	Received DOM event "pagehide" for "about:blank"
1514466376922	Marionette	DEBUG	Received DOM event "unload" for "about:blank"
1514466377926	Marionette	DEBUG	Received DOM event "DOMContentLoaded" for "https://www.1577v.com/"
1514466406624	Marionette	DEBUG	Received DOM event "pageshow" for "https://www.1577v.com/"
Unable to read VR Path Registry from C:\Users\a\AppData\Local\openvr\openvrpaths.vrpath
[GPU 45220] WARNING: pipe error: 109: file z:/build/build/src/ipc/chromium/src/chrome/common/ipc_channel_win.cc, line 346

###!!! [Child][MessageChannel::SendAndWait] Error: Channel error: cannot send/recv

